sdk/build/intermediates/manifest_merge_blame_file/debug/manifest-merger-blame-debug-report.txt
1<?xml version="1.0" encoding="utf-8"?>
2<manifest xmlns:android="http://schemas.android.com/apk/res/android"
3    package="com.qassioun.android.sdk"
4    android:versionCode="1"
5    android:versionName="20.02" > <!-- <instrumentation android:name="com.qassioun.android.sdk.test.InstrumentationTestRunner" -->
6    <!-- android:targetPackage="com.qassioun.android.sdk"/> -->
7    <uses-sdk
8        android:minSdkVersion="14"
8-->src\main\AndroidManifest.xml
9        android:targetSdkVersion="29" />
9-->src\main\AndroidManifest.xml
10
11    <uses-permission android:name="android.permission.INTERNET" />
11-->src\main\AndroidManifest.xml:3:5-66
11-->src\main\AndroidManifest.xml:3:22-64
12
13    <application>
13-->src\main\AndroidManifest.xml:5:5-7:19
14        <uses-library android:name="android.test.runner" />
14-->src\main\AndroidManifest.xml:6:9-59
14-->src\main\AndroidManifest.xml:6:23-57
15    </application>
16
17</manifest>